
  .   ____          _            __ _ _
 /\\ / ___'_ __ _ _(_)_ __  __ _ \ \ \ \
( ( )\___ | '_ | '_| | '_ \/ _` | \ \ \ \
 \\/  ___)| |_)| | | | | || (_| |  ) ) ) )
  '  |____| .__|_| |_|_| |_\__, | / / / /
 =========|_|==============|___/=/_/_/_/
 :: Spring Boot ::                (v3.2.0)

2026-05-08T18:53:25.587+05:30  INFO 22080 --- [console-web] [           main] c.r.p.console.ConsoleWebApplication      : Starting ConsoleWebApplication using Java 17.0.10 with PID 22080 (D:\Products\rbf-erp\product\console-web\target\console-web.war started by balud in D:\Products\rbf-erp\product\console-web)
2026-05-08T18:53:25.595+05:30  INFO 22080 --- [console-web] [           main] c.r.p.console.ConsoleWebApplication      : No active profile set, falling back to 1 default profile: "default"
2026-05-08T18:53:27.885+05:30  INFO 22080 --- [console-web] [           main] o.s.b.w.embedded.tomcat.TomcatWebServer  : Tomcat initialized with port 80 (http)
2026-05-08T18:53:27.914+05:30  INFO 22080 --- [console-web] [           main] o.apache.catalina.core.StandardService   : Starting service [Tomcat]
2026-05-08T18:53:27.915+05:30  INFO 22080 --- [console-web] [           main] o.apache.catalina.core.StandardEngine    : Starting Servlet engine: [Apache Tomcat/10.1.16]
2026-05-08T18:53:28.960+05:30  INFO 22080 --- [console-web] [           main] org.apache.jasper.servlet.TldScanner     : At least one JAR was scanned for TLDs yet contained no TLDs. Enable debug logging for this logger for a complete list of JARs that were scanned but no TLDs were found in them. Skipping unneeded JARs during scanning can improve startup time and JSP compilation time.
2026-05-08T18:53:29.496+05:30  INFO 22080 --- [console-web] [           main] o.a.c.c.C.[Tomcat].[localhost].[/]       : Initializing Spring embedded WebApplicationContext
2026-05-08T18:53:29.498+05:30  INFO 22080 --- [console-web] [           main] w.s.c.ServletWebServerApplicationContext : Root WebApplicationContext: initialization completed in 3743 ms
2026-05-08T18:53:30.326+05:30  INFO 22080 --- [console-web] [           main] o.s.b.w.embedded.tomcat.TomcatWebServer  : Tomcat started on port 80 (http) with context path ''
2026-05-08T18:53:30.368+05:30  INFO 22080 --- [console-web] [           main] c.r.p.console.ConsoleWebApplication      : Started ConsoleWebApplication in 5.671 seconds (process running for 6.552)
2026-05-08T18:54:05.742+05:30  INFO 22080 --- [console-web] [p-nio-80-exec-1] o.a.c.c.C.[Tomcat].[localhost].[/]       : Initializing Spring DispatcherServlet 'dispatcherServlet'
2026-05-08T18:54:05.743+05:30  INFO 22080 --- [console-web] [p-nio-80-exec-1] o.s.web.servlet.DispatcherServlet        : Initializing Servlet 'dispatcherServlet'
2026-05-08T18:54:05.745+05:30  INFO 22080 --- [console-web] [p-nio-80-exec-1] o.s.web.servlet.DispatcherServlet        : Completed initialization in 0 ms
