
  .   ____          _            __ _ _
 /\\ / ___'_ __ _ _(_)_ __  __ _ \ \ \ \
( ( )\___ | '_ | '_| | '_ \/ _` | \ \ \ \
 \\/  ___)| |_)| | | | | || (_| |  ) ) ) )
  '  |____| .__|_| |_|_| |_\__, | / / / /
 =========|_|==============|___/=/_/_/_/
 :: Spring Boot ::                (v3.2.0)

2026-05-08T20:25:16.994+05:30  INFO 10488 --- [accounting-service] [           main] c.r.p.a.AccountingServiceApplication     : Starting AccountingServiceApplication using Java 17.0.10 with PID 10488 (D:\Products\rbf-erp\product\accounting-service\target\accounting-service-0.0.1-SNAPSHOT.jar started by balud in D:\Products\rbf-erp\product)
2026-05-08T20:25:17.102+05:30  INFO 10488 --- [accounting-service] [           main] c.r.p.a.AccountingServiceApplication     : No active profile set, falling back to 1 default profile: "default"
2026-05-08T20:25:56.602+05:30  INFO 10488 --- [accounting-service] [           main] .s.d.r.c.RepositoryConfigurationDelegate : Bootstrapping Spring Data JPA repositories in DEFAULT mode.
2026-05-08T20:25:58.292+05:30  INFO 10488 --- [accounting-service] [           main] .s.d.r.c.RepositoryConfigurationDelegate : Finished Spring Data repository scanning in 1410 ms. Found 1 JPA repository interface.
2026-05-08T20:27:03.856+05:30  INFO 10488 --- [accounting-service] [           main] o.s.b.w.embedded.tomcat.TomcatWebServer  : Tomcat initialized with port 8087 (http)
2026-05-08T20:27:04.436+05:30  INFO 10488 --- [accounting-service] [           main] o.apache.catalina.core.StandardService   : Starting service [Tomcat]
2026-05-08T20:27:04.445+05:30  INFO 10488 --- [accounting-service] [           main] o.apache.catalina.core.StandardEngine    : Starting Servlet engine: [Apache Tomcat/10.1.16]
2026-05-08T20:27:07.561+05:30  INFO 10488 --- [accounting-service] [           main] o.a.c.c.C.[Tomcat].[localhost].[/]       : Initializing Spring embedded WebApplicationContext
2026-05-08T20:27:07.602+05:30  INFO 10488 --- [accounting-service] [           main] w.s.c.ServletWebServerApplicationContext : Root WebApplicationContext: initialization completed in 107608 ms
2026-05-08T20:27:34.105+05:30  INFO 10488 --- [accounting-service] [           main] o.hibernate.jpa.internal.util.LogHelper  : HHH000204: Processing PersistenceUnitInfo [name: default]
2026-05-08T20:27:35.566+05:30  INFO 10488 --- [accounting-service] [           main] org.hibernate.Version                    : HHH000412: Hibernate ORM core version 6.3.1.Final
2026-05-08T20:27:36.654+05:30  INFO 10488 --- [accounting-service] [           main] o.h.c.internal.RegionFactoryInitiator    : HHH000026: Second-level cache disabled
2026-05-08T20:27:55.243+05:30  INFO 10488 --- [accounting-service] [           main] o.s.o.j.p.SpringPersistenceUnitInfo      : No LoadTimeWeaver setup: ignoring JPA class transformer
2026-05-08T20:27:55.957+05:30  INFO 10488 --- [accounting-service] [           main] com.zaxxer.hikari.HikariDataSource       : HikariPool-1 - Starting...
2026-05-08T20:27:59.313+05:30  INFO 10488 --- [accounting-service] [           main] com.zaxxer.hikari.pool.HikariPool        : HikariPool-1 - Added connection com.mysql.cj.jdbc.ConnectionImpl@7981963f
2026-05-08T20:27:59.328+05:30  INFO 10488 --- [accounting-service] [           main] com.zaxxer.hikari.HikariDataSource       : HikariPool-1 - Start completed.
2026-05-08T20:27:59.992+05:30  WARN 10488 --- [accounting-service] [           main] org.hibernate.orm.deprecation            : HHH90000025: MySQLDialect does not need to be specified explicitly using 'hibernate.dialect' (remove the property setting and it will be selected by default)
2026-05-08T20:28:27.449+05:30  INFO 10488 --- [accounting-service] [           main] o.h.e.t.j.p.i.JtaPlatformInitiator       : HHH000489: No JTA platform available (set 'hibernate.transaction.jta.platform' to enable JTA platform integration)
2026-05-08T20:28:28.581+05:30  INFO 10488 --- [accounting-service] [           main] j.LocalContainerEntityManagerFactoryBean : Initialized JPA EntityManagerFactory for persistence unit 'default'
2026-05-08T20:28:48.282+05:30  WARN 10488 --- [accounting-service] [           main] .s.s.UserDetailsServiceAutoConfiguration : 

Using generated security password: cb50e574-d5f1-419d-9e3c-930ac0f1d987

This generated password is for development use only. Your security configuration must be updated before running your application in production.

2026-05-08T20:28:53.061+05:30  INFO 10488 --- [accounting-service] [           main] o.s.b.a.e.web.EndpointLinksResolver      : Exposing 2 endpoint(s) beneath base path '/actuator'
2026-05-08T20:28:53.629+05:30  INFO 10488 --- [accounting-service] [           main] o.s.s.web.DefaultSecurityFilterChain     : Will secure any request with [org.springframework.security.web.session.DisableEncodeUrlFilter@3793896e, org.springframework.security.web.context.request.async.WebAsyncManagerIntegrationFilter@47541b42, org.springframework.security.web.context.SecurityContextHolderFilter@1c3eeda4, org.springframework.security.web.header.HeaderWriterFilter@54418834, org.springframework.web.filter.CorsFilter@17fbbf0a, org.springframework.security.web.authentication.logout.LogoutFilter@75e068dc, com.rbf.product.common.security.SharedJwtAuthenticationFilter@6c07add6, org.springframework.security.web.savedrequest.RequestCacheAwareFilter@9214725, org.springframework.security.web.servletapi.SecurityContextHolderAwareRequestFilter@539953af, org.springframework.security.web.authentication.AnonymousAuthenticationFilter@41dbf02b, org.springframework.security.web.session.SessionManagementFilter@7e584f3c, org.springframework.security.web.access.ExceptionTranslationFilter@14b4f462, org.springframework.security.web.access.intercept.AuthorizationFilter@4ad04b05]
2026-05-08T20:29:00.479+05:30  INFO 10488 --- [accounting-service] [           main] o.s.b.w.embedded.tomcat.TomcatWebServer  : Tomcat started on port 8087 (http) with context path ''
2026-05-08T20:29:00.643+05:30  INFO 10488 --- [accounting-service] [           main] c.r.p.a.AccountingServiceApplication     : Started AccountingServiceApplication in 239.868 seconds (process running for 252.06)
2026-05-08T20:29:15.111+05:30  INFO 10488 --- [accounting-service] [nio-8087-exec-1] o.a.c.c.C.[Tomcat].[localhost].[/]       : Initializing Spring DispatcherServlet 'dispatcherServlet'
2026-05-08T20:29:15.117+05:30  INFO 10488 --- [accounting-service] [nio-8087-exec-1] o.s.web.servlet.DispatcherServlet        : Initializing Servlet 'dispatcherServlet'
2026-05-08T20:29:15.163+05:30  INFO 10488 --- [accounting-service] [nio-8087-exec-1] o.s.web.servlet.DispatcherServlet        : Completed initialization in 21 ms
2026-05-08T20:29:15.300+05:30  INFO 10488 --- [accounting-service] [nio-8087-exec-1] c.r.p.common.logging.ApiLoggingFilter    : API request method=GET path=/actuator/health orgId=null
2026-05-08T20:29:15.678+05:30  WARN 10488 --- [accounting-service] [nio-8087-exec-1] o.s.w.s.h.HandlerMappingIntrospector     : Cache miss for REQUEST dispatch to '/actuator/health' (previous null). Performing CorsConfiguration lookup. This is logged once only at WARN level, and every time at TRACE.
2026-05-08T20:29:17.266+05:30  INFO 10488 --- [accounting-service] [nio-8087-exec-1] c.r.p.common.logging.ApiLoggingFilter    : API response method=GET path=/actuator/health status=200 durationMs=1967 orgId=null
2026-05-08T20:33:40.792+05:30  INFO 10488 --- [accounting-service] [nio-8087-exec-2] c.r.p.common.logging.ApiLoggingFilter    : API request method=GET path=/actuator/health orgId=null
2026-05-08T20:33:40.875+05:30  INFO 10488 --- [accounting-service] [nio-8087-exec-2] c.r.p.common.logging.ApiLoggingFilter    : API response method=GET path=/actuator/health status=200 durationMs=84 orgId=null
2026-05-08T20:35:49.461+05:30  INFO 10488 --- [accounting-service] [nio-8087-exec-4] c.r.p.common.logging.ApiLoggingFilter    : API request method=GET path=/actuator/health orgId=null
2026-05-08T20:35:49.493+05:30  INFO 10488 --- [accounting-service] [nio-8087-exec-4] c.r.p.common.logging.ApiLoggingFilter    : API response method=GET path=/actuator/health status=200 durationMs=33 orgId=null
2026-05-08T20:36:02.490+05:30  INFO 10488 --- [accounting-service] [nio-8087-exec-6] c.r.p.common.logging.ApiLoggingFilter    : API request method=GET path=/actuator/health orgId=null
2026-05-08T20:36:02.511+05:30  INFO 10488 --- [accounting-service] [nio-8087-exec-6] c.r.p.common.logging.ApiLoggingFilter    : API response method=GET path=/actuator/health status=200 durationMs=21 orgId=null
2026-05-08T20:36:44.036+05:30  INFO 10488 --- [accounting-service] [nio-8087-exec-8] c.r.p.common.logging.ApiLoggingFilter    : API request method=GET path=/actuator/health orgId=null
2026-05-08T20:36:44.060+05:30  INFO 10488 --- [accounting-service] [nio-8087-exec-8] c.r.p.common.logging.ApiLoggingFilter    : API response method=GET path=/actuator/health status=200 durationMs=24 orgId=null
