
  .   ____          _            __ _ _
 /\\ / ___'_ __ _ _(_)_ __  __ _ \ \ \ \
( ( )\___ | '_ | '_| | '_ \/ _` | \ \ \ \
 \\/  ___)| |_)| | | | | || (_| |  ) ) ) )
  '  |____| .__|_| |_|_| |_\__, | / / / /
 =========|_|==============|___/=/_/_/_/
 :: Spring Boot ::                (v3.2.0)

2026-05-08T20:34:51.402+05:30  INFO 2940 --- [auth-service] [           main] c.r.product.auth.AuthServiceApplication  : Starting AuthServiceApplication using Java 17.0.10 with PID 2940 (D:\Products\rbf-erp\product\auth-service\target\auth-service-0.0.1-SNAPSHOT.jar started by balud in D:\Products\rbf-erp\product)
2026-05-08T20:34:51.419+05:30  INFO 2940 --- [auth-service] [           main] c.r.product.auth.AuthServiceApplication  : No active profile set, falling back to 1 default profile: "default"
2026-05-08T20:34:54.996+05:30  INFO 2940 --- [auth-service] [           main] .s.d.r.c.RepositoryConfigurationDelegate : Bootstrapping Spring Data JPA repositories in DEFAULT mode.
2026-05-08T20:34:55.161+05:30  INFO 2940 --- [auth-service] [           main] .s.d.r.c.RepositoryConfigurationDelegate : Finished Spring Data repository scanning in 135 ms. Found 4 JPA repository interfaces.
2026-05-08T20:34:58.351+05:30  INFO 2940 --- [auth-service] [           main] o.s.b.w.embedded.tomcat.TomcatWebServer  : Tomcat initialized with port 8081 (http)
2026-05-08T20:34:58.404+05:30  INFO 2940 --- [auth-service] [           main] o.apache.catalina.core.StandardService   : Starting service [Tomcat]
2026-05-08T20:34:58.407+05:30  INFO 2940 --- [auth-service] [           main] o.apache.catalina.core.StandardEngine    : Starting Servlet engine: [Apache Tomcat/10.1.16]
2026-05-08T20:34:58.647+05:30  INFO 2940 --- [auth-service] [           main] o.a.c.c.C.[Tomcat].[localhost].[/]       : Initializing Spring embedded WebApplicationContext
2026-05-08T20:34:58.654+05:30  INFO 2940 --- [auth-service] [           main] w.s.c.ServletWebServerApplicationContext : Root WebApplicationContext: initialization completed in 6985 ms
2026-05-08T20:35:00.419+05:30  INFO 2940 --- [auth-service] [           main] o.hibernate.jpa.internal.util.LogHelper  : HHH000204: Processing PersistenceUnitInfo [name: default]
2026-05-08T20:35:00.685+05:30  INFO 2940 --- [auth-service] [           main] org.hibernate.Version                    : HHH000412: Hibernate ORM core version 6.3.1.Final
2026-05-08T20:35:00.835+05:30  INFO 2940 --- [auth-service] [           main] o.h.c.internal.RegionFactoryInitiator    : HHH000026: Second-level cache disabled
2026-05-08T20:35:01.570+05:30  INFO 2940 --- [auth-service] [           main] o.s.o.j.p.SpringPersistenceUnitInfo      : No LoadTimeWeaver setup: ignoring JPA class transformer
2026-05-08T20:35:01.686+05:30  INFO 2940 --- [auth-service] [           main] com.zaxxer.hikari.HikariDataSource       : HikariPool-1 - Starting...
2026-05-08T20:35:02.181+05:30  INFO 2940 --- [auth-service] [           main] com.zaxxer.hikari.pool.HikariPool        : HikariPool-1 - Added connection com.mysql.cj.jdbc.ConnectionImpl@c0004b7
2026-05-08T20:35:02.185+05:30  INFO 2940 --- [auth-service] [           main] com.zaxxer.hikari.HikariDataSource       : HikariPool-1 - Start completed.
2026-05-08T20:35:02.272+05:30  WARN 2940 --- [auth-service] [           main] org.hibernate.orm.deprecation            : HHH90000025: MySQLDialect does not need to be specified explicitly using 'hibernate.dialect' (remove the property setting and it will be selected by default)
2026-05-08T20:35:04.449+05:30  INFO 2940 --- [auth-service] [           main] o.h.e.t.j.p.i.JtaPlatformInitiator       : HHH000489: No JTA platform available (set 'hibernate.transaction.jta.platform' to enable JTA platform integration)
2026-05-08T20:35:04.673+05:30  INFO 2940 --- [auth-service] [           main] j.LocalContainerEntityManagerFactoryBean : Initialized JPA EntityManagerFactory for persistence unit 'default'
2026-05-08T20:35:06.837+05:30  WARN 2940 --- [auth-service] [           main] .s.s.UserDetailsServiceAutoConfiguration : 

Using generated security password: 2ed5e462-e036-4fb1-a55f-453f8e3795a7

This generated password is for development use only. Your security configuration must be updated before running your application in production.

2026-05-08T20:35:08.412+05:30  INFO 2940 --- [auth-service] [           main] o.s.b.a.e.web.EndpointLinksResolver      : Exposing 2 endpoint(s) beneath base path '/actuator'
2026-05-08T20:35:08.651+05:30  INFO 2940 --- [auth-service] [           main] o.s.s.web.DefaultSecurityFilterChain     : Will secure any request with [org.springframework.security.web.session.DisableEncodeUrlFilter@5232cec1, org.springframework.security.web.context.request.async.WebAsyncManagerIntegrationFilter@388ad8aa, org.springframework.security.web.context.SecurityContextHolderFilter@226f472, org.springframework.security.web.header.HeaderWriterFilter@61799152, org.springframework.web.filter.CorsFilter@283240b0, org.springframework.security.web.authentication.logout.LogoutFilter@55448710, com.rbf.product.common.security.SharedJwtAuthenticationFilter@da09250, org.springframework.security.web.savedrequest.RequestCacheAwareFilter@42d65ffc, org.springframework.security.web.servletapi.SecurityContextHolderAwareRequestFilter@5317a7ef, org.springframework.security.web.authentication.AnonymousAuthenticationFilter@4ec78008, org.springframework.security.web.session.SessionManagementFilter@4203190, org.springframework.security.web.access.ExceptionTranslationFilter@68fb6c1e, org.springframework.security.web.access.intercept.AuthorizationFilter@5b3427c4]
2026-05-08T20:35:10.305+05:30  INFO 2940 --- [auth-service] [           main] o.s.b.w.embedded.tomcat.TomcatWebServer  : Tomcat started on port 8081 (http) with context path ''
2026-05-08T20:35:10.336+05:30  INFO 2940 --- [auth-service] [           main] c.r.product.auth.AuthServiceApplication  : Started AuthServiceApplication in 20.375 seconds (process running for 21.464)
2026-05-08T20:35:48.618+05:30  INFO 2940 --- [auth-service] [nio-8081-exec-1] o.a.c.c.C.[Tomcat].[localhost].[/]       : Initializing Spring DispatcherServlet 'dispatcherServlet'
2026-05-08T20:35:48.621+05:30  INFO 2940 --- [auth-service] [nio-8081-exec-1] o.s.web.servlet.DispatcherServlet        : Initializing Servlet 'dispatcherServlet'
2026-05-08T20:35:48.630+05:30  INFO 2940 --- [auth-service] [nio-8081-exec-1] o.s.web.servlet.DispatcherServlet        : Completed initialization in 6 ms
2026-05-08T20:35:48.705+05:30  INFO 2940 --- [auth-service] [nio-8081-exec-1] c.r.p.common.logging.ApiLoggingFilter    : API request method=GET path=/actuator/health orgId=null
2026-05-08T20:35:48.786+05:30  WARN 2940 --- [auth-service] [nio-8081-exec-1] o.s.w.s.h.HandlerMappingIntrospector     : Cache miss for REQUEST dispatch to '/actuator/health' (previous null). Performing CorsConfiguration lookup. This is logged once only at WARN level, and every time at TRACE.
2026-05-08T20:35:48.818+05:30  WARN 2940 --- [auth-service] [nio-8081-exec-1] o.s.w.s.h.HandlerMappingIntrospector     : Cache miss for REQUEST dispatch to '/actuator/health' (previous null). Performing MatchableHandlerMapping lookup. This is logged once only at WARN level, and every time at TRACE.
2026-05-08T20:35:49.218+05:30  INFO 2940 --- [auth-service] [nio-8081-exec-1] c.r.p.common.logging.ApiLoggingFilter    : API response method=GET path=/actuator/health status=200 durationMs=514 orgId=null
2026-05-08T20:35:58.984+05:30  INFO 2940 --- [auth-service] [nio-8081-exec-3] c.r.p.common.logging.ApiLoggingFilter    : API request method=GET path=/actuator/health orgId=null
2026-05-08T20:35:59.001+05:30  INFO 2940 --- [auth-service] [nio-8081-exec-3] c.r.p.common.logging.ApiLoggingFilter    : API response method=GET path=/actuator/health status=200 durationMs=17 orgId=null
2026-05-08T20:36:17.498+05:30  INFO 2940 --- [auth-service] [nio-8081-exec-5] c.r.p.common.logging.ApiLoggingFilter    : API request method=POST path=/api/auth/login orgId=null
2026-05-08T20:36:18.270+05:30  WARN 2940 --- [auth-service] [nio-8081-exec-5] c.r.p.c.e.GlobalExceptionHandler         : Illegal argument path=/api/auth/login message=Invalid username, password, or org_id
2026-05-08T20:36:18.303+05:30  WARN 2940 --- [auth-service] [nio-8081-exec-5] c.r.p.common.logging.ApiLoggingFilter    : API response method=POST path=/api/auth/login status=400 durationMs=805 orgId=null
2026-05-08T20:36:37.326+05:30  INFO 2940 --- [auth-service] [nio-8081-exec-6] c.r.p.common.logging.ApiLoggingFilter    : API request method=GET path=/actuator/health orgId=null
2026-05-08T20:36:37.353+05:30  INFO 2940 --- [auth-service] [nio-8081-exec-6] c.r.p.common.logging.ApiLoggingFilter    : API response method=GET path=/actuator/health status=200 durationMs=27 orgId=null
