
  .   ____          _            __ _ _
 /\\ / ___'_ __ _ _(_)_ __  __ _ \ \ \ \
( ( )\___ | '_ | '_| | '_ \/ _` | \ \ \ \
 \\/  ___)| |_)| | | | | || (_| |  ) ) ) )
  '  |____| .__|_| |_|_| |_\__, | / / / /
 =========|_|==============|___/=/_/_/_/
 :: Spring Boot ::                (v3.2.0)

2026-05-09T16:41:38.940+05:30  INFO 25440 --- [billing-service] [           main] c.r.p.billing.BillingServiceApplication  : Starting BillingServiceApplication using Java 17.0.10 with PID 25440 (D:\Products\rbf-erp\product\billing-service\target\billing-service-0.0.1-SNAPSHOT.jar started by balud in D:\Products\rbf-erp\product)
2026-05-09T16:41:38.953+05:30  INFO 25440 --- [billing-service] [           main] c.r.p.billing.BillingServiceApplication  : No active profile set, falling back to 1 default profile: "default"
2026-05-09T16:41:41.527+05:30  INFO 25440 --- [billing-service] [           main] .s.d.r.c.RepositoryConfigurationDelegate : Bootstrapping Spring Data JPA repositories in DEFAULT mode.
2026-05-09T16:41:41.647+05:30  INFO 25440 --- [billing-service] [           main] .s.d.r.c.RepositoryConfigurationDelegate : Finished Spring Data repository scanning in 98 ms. Found 3 JPA repository interfaces.
2026-05-09T16:41:43.964+05:30  INFO 25440 --- [billing-service] [           main] o.s.b.w.embedded.tomcat.TomcatWebServer  : Tomcat initialized with port 8085 (http)
2026-05-09T16:41:43.984+05:30  INFO 25440 --- [billing-service] [           main] o.apache.catalina.core.StandardService   : Starting service [Tomcat]
2026-05-09T16:41:43.985+05:30  INFO 25440 --- [billing-service] [           main] o.apache.catalina.core.StandardEngine    : Starting Servlet engine: [Apache Tomcat/10.1.16]
2026-05-09T16:41:44.127+05:30  INFO 25440 --- [billing-service] [           main] o.a.c.c.C.[Tomcat].[localhost].[/]       : Initializing Spring embedded WebApplicationContext
2026-05-09T16:41:44.129+05:30  INFO 25440 --- [billing-service] [           main] w.s.c.ServletWebServerApplicationContext : Root WebApplicationContext: initialization completed in 5017 ms
2026-05-09T16:41:45.257+05:30  INFO 25440 --- [billing-service] [           main] o.hibernate.jpa.internal.util.LogHelper  : HHH000204: Processing PersistenceUnitInfo [name: default]
2026-05-09T16:41:45.457+05:30  INFO 25440 --- [billing-service] [           main] org.hibernate.Version                    : HHH000412: Hibernate ORM core version 6.3.1.Final
2026-05-09T16:41:45.645+05:30  INFO 25440 --- [billing-service] [           main] o.h.c.internal.RegionFactoryInitiator    : HHH000026: Second-level cache disabled
2026-05-09T16:41:46.310+05:30  INFO 25440 --- [billing-service] [           main] o.s.o.j.p.SpringPersistenceUnitInfo      : No LoadTimeWeaver setup: ignoring JPA class transformer
2026-05-09T16:41:46.362+05:30  INFO 25440 --- [billing-service] [           main] com.zaxxer.hikari.HikariDataSource       : HikariPool-1 - Starting...
2026-05-09T16:41:46.768+05:30  INFO 25440 --- [billing-service] [           main] com.zaxxer.hikari.pool.HikariPool        : HikariPool-1 - Added connection com.mysql.cj.jdbc.ConnectionImpl@1e50eb3f
2026-05-09T16:41:46.779+05:30  INFO 25440 --- [billing-service] [           main] com.zaxxer.hikari.HikariDataSource       : HikariPool-1 - Start completed.
2026-05-09T16:41:46.889+05:30  WARN 25440 --- [billing-service] [           main] org.hibernate.orm.deprecation            : HHH90000025: MySQLDialect does not need to be specified explicitly using 'hibernate.dialect' (remove the property setting and it will be selected by default)
2026-05-09T16:41:48.715+05:30  INFO 25440 --- [billing-service] [           main] o.h.e.t.j.p.i.JtaPlatformInitiator       : HHH000489: No JTA platform available (set 'hibernate.transaction.jta.platform' to enable JTA platform integration)
2026-05-09T16:41:48.876+05:30  INFO 25440 --- [billing-service] [           main] j.LocalContainerEntityManagerFactoryBean : Initialized JPA EntityManagerFactory for persistence unit 'default'
2026-05-09T16:41:51.417+05:30  WARN 25440 --- [billing-service] [           main] .s.s.UserDetailsServiceAutoConfiguration : 

Using generated security password: ed11f2fd-cbdc-4e02-bb19-36cdf99009c2

This generated password is for development use only. Your security configuration must be updated before running your application in production.

2026-05-09T16:41:52.099+05:30  INFO 25440 --- [billing-service] [           main] o.s.b.a.e.web.EndpointLinksResolver      : Exposing 2 endpoint(s) beneath base path '/actuator'
2026-05-09T16:41:52.174+05:30  INFO 25440 --- [billing-service] [           main] o.s.s.web.DefaultSecurityFilterChain     : Will secure any request with [org.springframework.security.web.session.DisableEncodeUrlFilter@33a38f07, org.springframework.security.web.context.request.async.WebAsyncManagerIntegrationFilter@4e7bf371, org.springframework.security.web.context.SecurityContextHolderFilter@2778a7c3, org.springframework.security.web.header.HeaderWriterFilter@6347ebbc, org.springframework.web.filter.CorsFilter@5fe08, org.springframework.security.web.authentication.logout.LogoutFilter@46a5aff, com.rbf.product.common.security.SharedJwtAuthenticationFilter@7d47dfed, org.springframework.security.web.savedrequest.RequestCacheAwareFilter@5ce34685, org.springframework.security.web.servletapi.SecurityContextHolderAwareRequestFilter@3de507af, org.springframework.security.web.authentication.AnonymousAuthenticationFilter@97e9568, org.springframework.security.web.session.SessionManagementFilter@57f31caf, org.springframework.security.web.access.ExceptionTranslationFilter@2e04dbc1, org.springframework.security.web.access.intercept.AuthorizationFilter@2e1c3b8f]
2026-05-09T16:41:53.006+05:30  INFO 25440 --- [billing-service] [           main] o.s.b.w.embedded.tomcat.TomcatWebServer  : Tomcat started on port 8085 (http) with context path ''
2026-05-09T16:41:53.038+05:30  INFO 25440 --- [billing-service] [           main] c.r.p.billing.BillingServiceApplication  : Started BillingServiceApplication in 15.038 seconds (process running for 16.241)
2026-05-09T16:42:23.901+05:30  INFO 25440 --- [billing-service] [nio-8085-exec-1] o.a.c.c.C.[Tomcat].[localhost].[/]       : Initializing Spring DispatcherServlet 'dispatcherServlet'
2026-05-09T16:42:23.901+05:30  INFO 25440 --- [billing-service] [nio-8085-exec-1] o.s.web.servlet.DispatcherServlet        : Initializing Servlet 'dispatcherServlet'
2026-05-09T16:42:23.903+05:30  INFO 25440 --- [billing-service] [nio-8085-exec-1] o.s.web.servlet.DispatcherServlet        : Completed initialization in 1 ms
2026-05-09T16:42:23.927+05:30  INFO 25440 --- [billing-service] [nio-8085-exec-1] c.r.p.common.logging.ApiLoggingFilter    : API request method=GET path=/actuator/health orgId=null
2026-05-09T16:42:23.955+05:30  WARN 25440 --- [billing-service] [nio-8085-exec-1] o.s.w.s.h.HandlerMappingIntrospector     : Cache miss for REQUEST dispatch to '/actuator/health' (previous null). Performing CorsConfiguration lookup. This is logged once only at WARN level, and every time at TRACE.
2026-05-09T16:42:24.170+05:30  INFO 25440 --- [billing-service] [nio-8085-exec-1] c.r.p.common.logging.ApiLoggingFilter    : API response method=GET path=/actuator/health status=200 durationMs=244 orgId=null
2026-05-09T16:42:36.793+05:30  INFO 25440 --- [billing-service] [nio-8085-exec-3] c.r.p.common.logging.ApiLoggingFilter    : API request method=GET path=/actuator/health orgId=null
2026-05-09T16:42:36.809+05:30  INFO 25440 --- [billing-service] [nio-8085-exec-3] c.r.p.common.logging.ApiLoggingFilter    : API response method=GET path=/actuator/health status=200 durationMs=16 orgId=null
2026-05-09T16:42:53.974+05:30  INFO 25440 --- [billing-service] [nio-8085-exec-5] c.r.p.common.logging.ApiLoggingFilter    : API request method=GET path=/api/billing/invoices orgId=1778322793251
2026-05-09T16:42:54.703+05:30  INFO 25440 --- [billing-service] [nio-8085-exec-5] c.r.p.common.logging.ApiLoggingFilter    : API response method=GET path=/api/billing/invoices status=200 durationMs=729 orgId=1778322793251
2026-05-09T16:42:54.761+05:30  INFO 25440 --- [billing-service] [nio-8085-exec-8] c.r.p.common.logging.ApiLoggingFilter    : API request method=GET path=/api/billing/invoices orgId=1778322793251
2026-05-09T16:42:54.800+05:30  INFO 25440 --- [billing-service] [nio-8085-exec-8] c.r.p.common.logging.ApiLoggingFilter    : API response method=GET path=/api/billing/invoices status=200 durationMs=39 orgId=1778322793251
2026-05-09T16:42:54.817+05:30  INFO 25440 --- [billing-service] [nio-8085-exec-7] c.r.p.common.logging.ApiLoggingFilter    : API request method=GET path=/api/billing/invoices orgId=1778322793251
2026-05-09T16:42:54.851+05:30  INFO 25440 --- [billing-service] [nio-8085-exec-7] c.r.p.common.logging.ApiLoggingFilter    : API response method=GET path=/api/billing/invoices status=200 durationMs=34 orgId=1778322793251
2026-05-09T16:42:54.963+05:30  INFO 25440 --- [billing-service] [nio-8085-exec-6] c.r.p.common.logging.ApiLoggingFilter    : API request method=GET path=/api/billing/invoices orgId=1778322793251
2026-05-09T16:42:54.999+05:30  INFO 25440 --- [billing-service] [nio-8085-exec-6] c.r.p.common.logging.ApiLoggingFilter    : API response method=GET path=/api/billing/invoices status=200 durationMs=36 orgId=1778322793251
2026-05-09T16:42:55.286+05:30  INFO 25440 --- [billing-service] [nio-8085-exec-9] c.r.p.common.logging.ApiLoggingFilter    : API request method=GET path=/api/billing/invoices orgId=1778322793251
2026-05-09T16:42:55.306+05:30  INFO 25440 --- [billing-service] [nio-8085-exec-9] c.r.p.common.logging.ApiLoggingFilter    : API response method=GET path=/api/billing/invoices status=200 durationMs=19 orgId=1778322793251
2026-05-09T16:42:55.310+05:30  INFO 25440 --- [billing-service] [io-8085-exec-10] c.r.p.common.logging.ApiLoggingFilter    : API request method=GET path=/api/billing/invoices orgId=1778322793251
2026-05-09T16:42:55.328+05:30  INFO 25440 --- [billing-service] [io-8085-exec-10] c.r.p.common.logging.ApiLoggingFilter    : API response method=GET path=/api/billing/invoices status=200 durationMs=18 orgId=1778322793251
2026-05-09T16:42:55.332+05:30  INFO 25440 --- [billing-service] [nio-8085-exec-1] c.r.p.common.logging.ApiLoggingFilter    : API request method=GET path=/api/billing/invoices orgId=1778322793251
2026-05-09T16:42:55.354+05:30  INFO 25440 --- [billing-service] [nio-8085-exec-1] c.r.p.common.logging.ApiLoggingFilter    : API response method=GET path=/api/billing/invoices status=200 durationMs=22 orgId=1778322793251
2026-05-09T16:42:55.386+05:30  INFO 25440 --- [billing-service] [nio-8085-exec-2] c.r.p.common.logging.ApiLoggingFilter    : API request method=GET path=/api/billing/invoices orgId=1778322793251
2026-05-09T16:42:55.422+05:30  INFO 25440 --- [billing-service] [nio-8085-exec-2] c.r.p.common.logging.ApiLoggingFilter    : API response method=GET path=/api/billing/invoices status=200 durationMs=36 orgId=1778322793251
2026-05-09T16:42:59.336+05:30  INFO 25440 --- [billing-service] [nio-8085-exec-3] c.r.p.common.logging.ApiLoggingFilter    : API request method=GET path=/api/billing/invoices orgId=1778322793251
2026-05-09T16:42:59.370+05:30  INFO 25440 --- [billing-service] [nio-8085-exec-3] c.r.p.common.logging.ApiLoggingFilter    : API response method=GET path=/api/billing/invoices status=200 durationMs=34 orgId=1778322793251
2026-05-09T16:43:02.951+05:30  INFO 25440 --- [billing-service] [nio-8085-exec-4] c.r.p.common.logging.ApiLoggingFilter    : API request method=GET path=/api/billing/invoices/2 orgId=1778322793251
2026-05-09T16:43:02.980+05:30  INFO 25440 --- [billing-service] [nio-8085-exec-4] c.r.p.common.logging.ApiLoggingFilter    : API response method=GET path=/api/billing/invoices/2 status=200 durationMs=29 orgId=1778322793251
2026-05-09T16:44:54.392+05:30  INFO 25440 --- [billing-service] [nio-8085-exec-7] c.r.p.common.logging.ApiLoggingFilter    : API request method=GET path=/actuator/health orgId=null
2026-05-09T16:44:54.441+05:30  INFO 25440 --- [billing-service] [nio-8085-exec-7] c.r.p.common.logging.ApiLoggingFilter    : API response method=GET path=/actuator/health status=200 durationMs=50 orgId=null
2026-05-09T16:47:17.429+05:30  INFO 25440 --- [billing-service] [nio-8085-exec-9] c.r.p.common.logging.ApiLoggingFilter    : API request method=GET path=/api/billing/invoices/2 orgId=1778322793251
2026-05-09T16:47:17.492+05:30  INFO 25440 --- [billing-service] [nio-8085-exec-9] c.r.p.common.logging.ApiLoggingFilter    : API response method=GET path=/api/billing/invoices/2 status=200 durationMs=63 orgId=1778322793251
2026-05-09T16:55:28.100+05:30  INFO 25440 --- [billing-service] [nio-8085-exec-1] c.r.p.common.logging.ApiLoggingFilter    : API request method=GET path=/api/billing/invoices orgId=1778324225514
2026-05-09T16:55:28.247+05:30  INFO 25440 --- [billing-service] [nio-8085-exec-1] c.r.p.common.logging.ApiLoggingFilter    : API response method=GET path=/api/billing/invoices status=200 durationMs=146 orgId=1778324225514
2026-05-09T16:55:28.263+05:30  INFO 25440 --- [billing-service] [nio-8085-exec-2] c.r.p.common.logging.ApiLoggingFilter    : API request method=GET path=/api/billing/invoices orgId=1778324225514
2026-05-09T16:55:28.285+05:30  INFO 25440 --- [billing-service] [nio-8085-exec-2] c.r.p.common.logging.ApiLoggingFilter    : API response method=GET path=/api/billing/invoices status=200 durationMs=23 orgId=1778324225514
2026-05-09T16:55:28.293+05:30  INFO 25440 --- [billing-service] [nio-8085-exec-3] c.r.p.common.logging.ApiLoggingFilter    : API request method=GET path=/api/billing/invoices orgId=1778324225514
2026-05-09T16:55:28.310+05:30  INFO 25440 --- [billing-service] [nio-8085-exec-3] c.r.p.common.logging.ApiLoggingFilter    : API response method=GET path=/api/billing/invoices status=200 durationMs=17 orgId=1778324225514
2026-05-09T16:55:28.665+05:30  INFO 25440 --- [billing-service] [nio-8085-exec-4] c.r.p.common.logging.ApiLoggingFilter    : API request method=GET path=/api/billing/invoices orgId=1778324225514
2026-05-09T16:55:28.684+05:30  INFO 25440 --- [billing-service] [nio-8085-exec-4] c.r.p.common.logging.ApiLoggingFilter    : API response method=GET path=/api/billing/invoices status=200 durationMs=19 orgId=1778324225514
2026-05-09T16:57:29.723+05:30  INFO 25440 --- [billing-service] [nio-8085-exec-8] c.r.p.common.logging.ApiLoggingFilter    : API request method=GET path=/api/billing/invoices orgId=1778324225514
2026-05-09T16:57:29.754+05:30  INFO 25440 --- [billing-service] [nio-8085-exec-8] c.r.p.common.logging.ApiLoggingFilter    : API response method=GET path=/api/billing/invoices status=200 durationMs=31 orgId=1778324225514
2026-05-09T16:57:29.761+05:30  INFO 25440 --- [billing-service] [nio-8085-exec-7] c.r.p.common.logging.ApiLoggingFilter    : API request method=GET path=/api/billing/invoices orgId=1778324225514
2026-05-09T16:57:29.785+05:30  INFO 25440 --- [billing-service] [nio-8085-exec-7] c.r.p.common.logging.ApiLoggingFilter    : API response method=GET path=/api/billing/invoices status=200 durationMs=24 orgId=1778324225514
2026-05-09T16:57:29.793+05:30  INFO 25440 --- [billing-service] [nio-8085-exec-6] c.r.p.common.logging.ApiLoggingFilter    : API request method=GET path=/api/billing/invoices orgId=1778324225514
2026-05-09T16:57:29.817+05:30  INFO 25440 --- [billing-service] [nio-8085-exec-6] c.r.p.common.logging.ApiLoggingFilter    : API response method=GET path=/api/billing/invoices status=200 durationMs=24 orgId=1778324225514
2026-05-09T16:57:29.846+05:30  INFO 25440 --- [billing-service] [nio-8085-exec-9] c.r.p.common.logging.ApiLoggingFilter    : API request method=GET path=/api/billing/invoices orgId=1778324225514
2026-05-09T16:57:29.858+05:30  INFO 25440 --- [billing-service] [nio-8085-exec-9] c.r.p.common.logging.ApiLoggingFilter    : API response method=GET path=/api/billing/invoices status=200 durationMs=12 orgId=1778324225514
2026-05-09T16:57:33.215+05:30  INFO 25440 --- [billing-service] [io-8085-exec-10] c.r.p.common.logging.ApiLoggingFilter    : API request method=GET path=/api/billing/invoices orgId=1778324225514
2026-05-09T16:57:33.230+05:30  INFO 25440 --- [billing-service] [io-8085-exec-10] c.r.p.common.logging.ApiLoggingFilter    : API response method=GET path=/api/billing/invoices status=200 durationMs=15 orgId=1778324225514
2026-05-09T16:57:33.233+05:30  INFO 25440 --- [billing-service] [nio-8085-exec-1] c.r.p.common.logging.ApiLoggingFilter    : API request method=GET path=/api/billing/invoices orgId=1778324225514
2026-05-09T16:57:33.245+05:30  INFO 25440 --- [billing-service] [nio-8085-exec-1] c.r.p.common.logging.ApiLoggingFilter    : API response method=GET path=/api/billing/invoices status=200 durationMs=12 orgId=1778324225514
2026-05-09T16:57:33.249+05:30  INFO 25440 --- [billing-service] [nio-8085-exec-2] c.r.p.common.logging.ApiLoggingFilter    : API request method=GET path=/api/billing/invoices orgId=1778324225514
2026-05-09T16:57:33.264+05:30  INFO 25440 --- [billing-service] [nio-8085-exec-2] c.r.p.common.logging.ApiLoggingFilter    : API response method=GET path=/api/billing/invoices status=200 durationMs=15 orgId=1778324225514
2026-05-09T16:57:33.290+05:30  INFO 25440 --- [billing-service] [nio-8085-exec-3] c.r.p.common.logging.ApiLoggingFilter    : API request method=GET path=/api/billing/invoices orgId=1778324225514
2026-05-09T16:57:33.306+05:30  INFO 25440 --- [billing-service] [nio-8085-exec-3] c.r.p.common.logging.ApiLoggingFilter    : API response method=GET path=/api/billing/invoices status=200 durationMs=16 orgId=1778324225514
2026-05-09T16:59:42.295+05:30  INFO 25440 --- [billing-service] [nio-8085-exec-5] c.r.p.common.logging.ApiLoggingFilter    : API request method=GET path=/api/billing/invoices orgId=1778324225514
2026-05-09T16:59:42.316+05:30  INFO 25440 --- [billing-service] [nio-8085-exec-5] c.r.p.common.logging.ApiLoggingFilter    : API response method=GET path=/api/billing/invoices status=200 durationMs=21 orgId=1778324225514
2026-05-09T17:01:00.784+05:30  INFO 25440 --- [billing-service] [nio-8085-exec-7] c.r.p.common.logging.ApiLoggingFilter    : API request method=GET path=/api/billing/invoices orgId=1778324225514
2026-05-09T17:01:00.803+05:30  INFO 25440 --- [billing-service] [nio-8085-exec-7] c.r.p.common.logging.ApiLoggingFilter    : API response method=GET path=/api/billing/invoices status=200 durationMs=19 orgId=1778324225514
2026-05-09T17:01:00.807+05:30  INFO 25440 --- [billing-service] [nio-8085-exec-6] c.r.p.common.logging.ApiLoggingFilter    : API request method=GET path=/api/billing/invoices orgId=1778324225514
2026-05-09T17:01:00.828+05:30  INFO 25440 --- [billing-service] [nio-8085-exec-6] c.r.p.common.logging.ApiLoggingFilter    : API response method=GET path=/api/billing/invoices status=200 durationMs=21 orgId=1778324225514
2026-05-09T17:01:00.837+05:30  INFO 25440 --- [billing-service] [nio-8085-exec-9] c.r.p.common.logging.ApiLoggingFilter    : API request method=GET path=/api/billing/invoices orgId=1778324225514
2026-05-09T17:01:00.853+05:30  INFO 25440 --- [billing-service] [nio-8085-exec-9] c.r.p.common.logging.ApiLoggingFilter    : API response method=GET path=/api/billing/invoices status=200 durationMs=16 orgId=1778324225514
2026-05-09T17:01:00.879+05:30  INFO 25440 --- [billing-service] [io-8085-exec-10] c.r.p.common.logging.ApiLoggingFilter    : API request method=GET path=/api/billing/invoices orgId=1778324225514
2026-05-09T17:01:00.891+05:30  INFO 25440 --- [billing-service] [io-8085-exec-10] c.r.p.common.logging.ApiLoggingFilter    : API response method=GET path=/api/billing/invoices status=200 durationMs=12 orgId=1778324225514
2026-05-09T17:01:07.042+05:30  INFO 25440 --- [billing-service] [nio-8085-exec-1] c.r.p.common.logging.ApiLoggingFilter    : API request method=GET path=/api/billing/invoices orgId=1778324225514
2026-05-09T17:01:07.057+05:30  INFO 25440 --- [billing-service] [nio-8085-exec-1] c.r.p.common.logging.ApiLoggingFilter    : API response method=GET path=/api/billing/invoices status=200 durationMs=16 orgId=1778324225514
2026-05-09T17:01:07.060+05:30  INFO 25440 --- [billing-service] [nio-8085-exec-2] c.r.p.common.logging.ApiLoggingFilter    : API request method=GET path=/api/billing/invoices orgId=1778324225514
2026-05-09T17:01:07.072+05:30  INFO 25440 --- [billing-service] [nio-8085-exec-2] c.r.p.common.logging.ApiLoggingFilter    : API response method=GET path=/api/billing/invoices status=200 durationMs=12 orgId=1778324225514
2026-05-09T17:01:07.075+05:30  INFO 25440 --- [billing-service] [nio-8085-exec-3] c.r.p.common.logging.ApiLoggingFilter    : API request method=GET path=/api/billing/invoices orgId=1778324225514
2026-05-09T17:01:07.089+05:30  INFO 25440 --- [billing-service] [nio-8085-exec-3] c.r.p.common.logging.ApiLoggingFilter    : API response method=GET path=/api/billing/invoices status=200 durationMs=14 orgId=1778324225514
2026-05-09T17:01:07.109+05:30  INFO 25440 --- [billing-service] [nio-8085-exec-4] c.r.p.common.logging.ApiLoggingFilter    : API request method=GET path=/api/billing/invoices orgId=1778324225514
2026-05-09T17:01:07.124+05:30  INFO 25440 --- [billing-service] [nio-8085-exec-4] c.r.p.common.logging.ApiLoggingFilter    : API response method=GET path=/api/billing/invoices status=200 durationMs=15 orgId=1778324225514
