
  .   ____          _            __ _ _
 /\\ / ___'_ __ _ _(_)_ __  __ _ \ \ \ \
( ( )\___ | '_ | '_| | '_ \/ _` | \ \ \ \
 \\/  ___)| |_)| | | | | || (_| |  ) ) ) )
  '  |____| .__|_| |_|_| |_\__, | / / / /
 =========|_|==============|___/=/_/_/_/
 :: Spring Boot ::                (v3.2.0)

2026-05-08T20:25:12.371+05:30  INFO 17880 --- [inventory-service] [           main] c.r.p.i.InventoryServiceApplication      : Starting InventoryServiceApplication using Java 17.0.10 with PID 17880 (D:\Products\rbf-erp\product\inventory-service\target\inventory-service-0.0.1-SNAPSHOT.jar started by balud in D:\Products\rbf-erp\product)
2026-05-08T20:25:12.487+05:30  INFO 17880 --- [inventory-service] [           main] c.r.p.i.InventoryServiceApplication      : No active profile set, falling back to 1 default profile: "default"
2026-05-08T20:25:52.601+05:30  INFO 17880 --- [inventory-service] [           main] .s.d.r.c.RepositoryConfigurationDelegate : Bootstrapping Spring Data JPA repositories in DEFAULT mode.
2026-05-08T20:25:54.730+05:30  INFO 17880 --- [inventory-service] [           main] .s.d.r.c.RepositoryConfigurationDelegate : Finished Spring Data repository scanning in 1834 ms. Found 3 JPA repository interfaces.
2026-05-08T20:26:53.708+05:30  INFO 17880 --- [inventory-service] [           main] o.s.b.w.embedded.tomcat.TomcatWebServer  : Tomcat initialized with port 8084 (http)
2026-05-08T20:26:54.711+05:30  INFO 17880 --- [inventory-service] [           main] o.apache.catalina.core.StandardService   : Starting service [Tomcat]
2026-05-08T20:26:54.723+05:30  INFO 17880 --- [inventory-service] [           main] o.apache.catalina.core.StandardEngine    : Starting Servlet engine: [Apache Tomcat/10.1.16]
2026-05-08T20:26:59.376+05:30  INFO 17880 --- [inventory-service] [           main] o.a.c.c.C.[Tomcat].[localhost].[/]       : Initializing Spring embedded WebApplicationContext
2026-05-08T20:26:59.449+05:30  INFO 17880 --- [inventory-service] [           main] w.s.c.ServletWebServerApplicationContext : Root WebApplicationContext: initialization completed in 104615 ms
2026-05-08T20:27:39.965+05:30  INFO 17880 --- [inventory-service] [           main] o.hibernate.jpa.internal.util.LogHelper  : HHH000204: Processing PersistenceUnitInfo [name: default]
2026-05-08T20:27:43.599+05:30  INFO 17880 --- [inventory-service] [           main] org.hibernate.Version                    : HHH000412: Hibernate ORM core version 6.3.1.Final
2026-05-08T20:27:44.833+05:30  INFO 17880 --- [inventory-service] [           main] o.h.c.internal.RegionFactoryInitiator    : HHH000026: Second-level cache disabled
2026-05-08T20:27:48.977+05:30  INFO 17880 --- [inventory-service] [           main] o.s.o.j.p.SpringPersistenceUnitInfo      : No LoadTimeWeaver setup: ignoring JPA class transformer
2026-05-08T20:27:49.429+05:30  INFO 17880 --- [inventory-service] [           main] com.zaxxer.hikari.HikariDataSource       : HikariPool-1 - Starting...
2026-05-08T20:27:52.188+05:30  INFO 17880 --- [inventory-service] [           main] com.zaxxer.hikari.pool.HikariPool        : HikariPool-1 - Added connection com.mysql.cj.jdbc.ConnectionImpl@1ff81b0d
2026-05-08T20:27:52.205+05:30  INFO 17880 --- [inventory-service] [           main] com.zaxxer.hikari.HikariDataSource       : HikariPool-1 - Start completed.
2026-05-08T20:27:53.338+05:30  WARN 17880 --- [inventory-service] [           main] org.hibernate.orm.deprecation            : HHH90000025: MySQLDialect does not need to be specified explicitly using 'hibernate.dialect' (remove the property setting and it will be selected by default)
2026-05-08T20:28:28.378+05:30  INFO 17880 --- [inventory-service] [           main] o.h.e.t.j.p.i.JtaPlatformInitiator       : HHH000489: No JTA platform available (set 'hibernate.transaction.jta.platform' to enable JTA platform integration)
2026-05-08T20:28:30.762+05:30  INFO 17880 --- [inventory-service] [           main] j.LocalContainerEntityManagerFactoryBean : Initialized JPA EntityManagerFactory for persistence unit 'default'
2026-05-08T20:28:59.843+05:30  WARN 17880 --- [inventory-service] [           main] .s.s.UserDetailsServiceAutoConfiguration : 

Using generated security password: d724d8c8-3721-4e46-8789-479b45b27b32

This generated password is for development use only. Your security configuration must be updated before running your application in production.

2026-05-08T20:29:05.678+05:30  INFO 17880 --- [inventory-service] [           main] o.s.b.a.e.web.EndpointLinksResolver      : Exposing 2 endpoint(s) beneath base path '/actuator'
2026-05-08T20:29:06.632+05:30  INFO 17880 --- [inventory-service] [           main] o.s.s.web.DefaultSecurityFilterChain     : Will secure any request with [org.springframework.security.web.session.DisableEncodeUrlFilter@4c43c37d, org.springframework.security.web.context.request.async.WebAsyncManagerIntegrationFilter@61c946a0, org.springframework.security.web.context.SecurityContextHolderFilter@19cad9f0, org.springframework.security.web.header.HeaderWriterFilter@3f33c5e4, org.springframework.web.filter.CorsFilter@227e4ea8, org.springframework.security.web.authentication.logout.LogoutFilter@797dd7ef, com.rbf.product.common.security.SharedJwtAuthenticationFilter@1491cd6c, org.springframework.security.web.savedrequest.RequestCacheAwareFilter@21139739, org.springframework.security.web.servletapi.SecurityContextHolderAwareRequestFilter@69c7fe78, org.springframework.security.web.authentication.AnonymousAuthenticationFilter@7a7fdc1a, org.springframework.security.web.session.SessionManagementFilter@1872a7fe, org.springframework.security.web.access.ExceptionTranslationFilter@63bb52ea, org.springframework.security.web.access.intercept.AuthorizationFilter@2f1d2384]
2026-05-08T20:29:11.724+05:30  INFO 17880 --- [inventory-service] [           main] o.s.b.w.embedded.tomcat.TomcatWebServer  : Tomcat started on port 8084 (http) with context path ''
2026-05-08T20:29:11.942+05:30  INFO 17880 --- [inventory-service] [           main] c.r.p.i.InventoryServiceApplication      : Started InventoryServiceApplication in 253.021 seconds (process running for 265.005)
2026-05-08T20:33:38.632+05:30  INFO 17880 --- [inventory-service] [nio-8084-exec-1] o.a.c.c.C.[Tomcat].[localhost].[/]       : Initializing Spring DispatcherServlet 'dispatcherServlet'
2026-05-08T20:33:38.637+05:30  INFO 17880 --- [inventory-service] [nio-8084-exec-1] o.s.web.servlet.DispatcherServlet        : Initializing Servlet 'dispatcherServlet'
2026-05-08T20:33:38.655+05:30  INFO 17880 --- [inventory-service] [nio-8084-exec-1] o.s.web.servlet.DispatcherServlet        : Completed initialization in 17 ms
2026-05-08T20:33:38.727+05:30  INFO 17880 --- [inventory-service] [nio-8084-exec-1] c.r.p.common.logging.ApiLoggingFilter    : API request method=GET path=/actuator/health orgId=null
2026-05-08T20:33:38.805+05:30  WARN 17880 --- [inventory-service] [nio-8084-exec-1] o.s.w.s.h.HandlerMappingIntrospector     : Cache miss for REQUEST dispatch to '/actuator/health' (previous null). Performing CorsConfiguration lookup. This is logged once only at WARN level, and every time at TRACE.
2026-05-08T20:33:39.370+05:30  INFO 17880 --- [inventory-service] [nio-8084-exec-1] c.r.p.common.logging.ApiLoggingFilter    : API response method=GET path=/actuator/health status=200 durationMs=643 orgId=null
2026-05-08T20:35:49.311+05:30  INFO 17880 --- [inventory-service] [nio-8084-exec-4] c.r.p.common.logging.ApiLoggingFilter    : API request method=GET path=/actuator/health orgId=null
2026-05-08T20:35:49.336+05:30  INFO 17880 --- [inventory-service] [nio-8084-exec-4] c.r.p.common.logging.ApiLoggingFilter    : API response method=GET path=/actuator/health status=200 durationMs=25 orgId=null
2026-05-08T20:36:00.633+05:30  INFO 17880 --- [inventory-service] [nio-8084-exec-6] c.r.p.common.logging.ApiLoggingFilter    : API request method=GET path=/actuator/health orgId=null
2026-05-08T20:36:00.649+05:30  INFO 17880 --- [inventory-service] [nio-8084-exec-6] c.r.p.common.logging.ApiLoggingFilter    : API response method=GET path=/actuator/health status=200 durationMs=16 orgId=null
2026-05-08T20:36:40.069+05:30  INFO 17880 --- [inventory-service] [nio-8084-exec-2] c.r.p.common.logging.ApiLoggingFilter    : API request method=GET path=/actuator/health orgId=null
2026-05-08T20:36:40.096+05:30  INFO 17880 --- [inventory-service] [nio-8084-exec-2] c.r.p.common.logging.ApiLoggingFilter    : API response method=GET path=/actuator/health status=200 durationMs=27 orgId=null
^C