
  .   ____          _            __ _ _
 /\\ / ___'_ __ _ _(_)_ __  __ _ \ \ \ \
( ( )\___ | '_ | '_| | '_ \/ _` | \ \ \ \
 \\/  ___)| |_)| | | | | || (_| |  ) ) ) )
  '  |____| .__|_| |_|_| |_\__, | / / / /
 =========|_|==============|___/=/_/_/_/
 :: Spring Boot ::                (v3.2.0)

2026-05-08T20:25:08.182+05:30  INFO 19872 --- [organization-service] [           main] c.r.p.o.OrganizationServiceApplication   : Starting OrganizationServiceApplication using Java 17.0.10 with PID 19872 (D:\Products\rbf-erp\product\organization-service\target\organization-service-0.0.1-SNAPSHOT.jar started by balud in D:\Products\rbf-erp\product)
2026-05-08T20:25:08.351+05:30  INFO 19872 --- [organization-service] [           main] c.r.p.o.OrganizationServiceApplication   : No active profile set, falling back to 1 default profile: "default"
2026-05-08T20:25:49.525+05:30  INFO 19872 --- [organization-service] [           main] .s.d.r.c.RepositoryConfigurationDelegate : Bootstrapping Spring Data JPA repositories in DEFAULT mode.
2026-05-08T20:25:51.415+05:30  INFO 19872 --- [organization-service] [           main] .s.d.r.c.RepositoryConfigurationDelegate : Finished Spring Data repository scanning in 1624 ms. Found 4 JPA repository interfaces.
2026-05-08T20:26:44.667+05:30  INFO 19872 --- [organization-service] [           main] o.s.b.w.embedded.tomcat.TomcatWebServer  : Tomcat initialized with port 8082 (http)
2026-05-08T20:26:45.102+05:30  INFO 19872 --- [organization-service] [           main] o.apache.catalina.core.StandardService   : Starting service [Tomcat]
2026-05-08T20:26:45.116+05:30  INFO 19872 --- [organization-service] [           main] o.apache.catalina.core.StandardEngine    : Starting Servlet engine: [Apache Tomcat/10.1.16]
2026-05-08T20:26:50.204+05:30  INFO 19872 --- [organization-service] [           main] o.a.c.c.C.[Tomcat].[localhost].[/]       : Initializing Spring embedded WebApplicationContext
2026-05-08T20:26:50.362+05:30  INFO 19872 --- [organization-service] [           main] w.s.c.ServletWebServerApplicationContext : Root WebApplicationContext: initialization completed in 100122 ms
2026-05-08T20:27:47.111+05:30  INFO 19872 --- [organization-service] [           main] o.hibernate.jpa.internal.util.LogHelper  : HHH000204: Processing PersistenceUnitInfo [name: default]
2026-05-08T20:27:48.146+05:30  INFO 19872 --- [organization-service] [           main] org.hibernate.Version                    : HHH000412: Hibernate ORM core version 6.3.1.Final
2026-05-08T20:27:48.731+05:30  INFO 19872 --- [organization-service] [           main] o.h.c.internal.RegionFactoryInitiator    : HHH000026: Second-level cache disabled
2026-05-08T20:27:53.512+05:30  INFO 19872 --- [organization-service] [           main] o.s.o.j.p.SpringPersistenceUnitInfo      : No LoadTimeWeaver setup: ignoring JPA class transformer
2026-05-08T20:27:54.090+05:30  INFO 19872 --- [organization-service] [           main] com.zaxxer.hikari.HikariDataSource       : HikariPool-1 - Starting...
2026-05-08T20:27:57.556+05:30  INFO 19872 --- [organization-service] [           main] com.zaxxer.hikari.pool.HikariPool        : HikariPool-1 - Added connection com.mysql.cj.jdbc.ConnectionImpl@126af200
2026-05-08T20:27:57.578+05:30  INFO 19872 --- [organization-service] [           main] com.zaxxer.hikari.HikariDataSource       : HikariPool-1 - Start completed.
2026-05-08T20:27:58.458+05:30  WARN 19872 --- [organization-service] [           main] org.hibernate.orm.deprecation            : HHH90000025: MySQLDialect does not need to be specified explicitly using 'hibernate.dialect' (remove the property setting and it will be selected by default)
2026-05-08T20:28:40.054+05:30  INFO 19872 --- [organization-service] [           main] o.h.e.t.j.p.i.JtaPlatformInitiator       : HHH000489: No JTA platform available (set 'hibernate.transaction.jta.platform' to enable JTA platform integration)
2026-05-08T20:28:41.713+05:30  INFO 19872 --- [organization-service] [           main] j.LocalContainerEntityManagerFactoryBean : Initialized JPA EntityManagerFactory for persistence unit 'default'
2026-05-08T20:29:03.796+05:30  WARN 19872 --- [organization-service] [           main] .s.s.UserDetailsServiceAutoConfiguration : 

Using generated security password: 0e6fc6f3-4835-45a0-9062-ec627b9a30cf

This generated password is for development use only. Your security configuration must be updated before running your application in production.

2026-05-08T20:29:13.252+05:30  INFO 19872 --- [organization-service] [           main] o.s.b.a.e.web.EndpointLinksResolver      : Exposing 2 endpoint(s) beneath base path '/actuator'
2026-05-08T20:29:13.582+05:30  INFO 19872 --- [organization-service] [           main] o.s.s.web.DefaultSecurityFilterChain     : Will secure any request with [org.springframework.security.web.session.DisableEncodeUrlFilter@7f2d4ffc, org.springframework.security.web.context.request.async.WebAsyncManagerIntegrationFilter@38293d23, org.springframework.security.web.context.SecurityContextHolderFilter@50e7d8ba, org.springframework.security.web.header.HeaderWriterFilter@470c2a7a, org.springframework.web.filter.CorsFilter@1ee37c7a, org.springframework.security.web.authentication.logout.LogoutFilter@75c5ab79, com.rbf.product.common.security.SharedJwtAuthenticationFilter@781dac73, org.springframework.security.web.savedrequest.RequestCacheAwareFilter@68e8bbab, org.springframework.security.web.servletapi.SecurityContextHolderAwareRequestFilter@5eabcf77, org.springframework.security.web.authentication.AnonymousAuthenticationFilter@4973dacf, org.springframework.security.web.session.SessionManagementFilter@619944a7, org.springframework.security.web.access.ExceptionTranslationFilter@6eac71db, org.springframework.security.web.access.intercept.AuthorizationFilter@7fcc8d9f]
2026-05-08T20:29:18.323+05:30  INFO 19872 --- [organization-service] [           main] o.s.b.w.embedded.tomcat.TomcatWebServer  : Tomcat started on port 8082 (http) with context path ''
2026-05-08T20:29:18.416+05:30  INFO 19872 --- [organization-service] [           main] c.r.p.o.OrganizationServiceApplication   : Started OrganizationServiceApplication in 261.963 seconds (process running for 272.1)
2026-05-08T20:33:36.298+05:30  INFO 19872 --- [organization-service] [nio-8082-exec-1] o.a.c.c.C.[Tomcat].[localhost].[/]       : Initializing Spring DispatcherServlet 'dispatcherServlet'
2026-05-08T20:33:36.306+05:30  INFO 19872 --- [organization-service] [nio-8082-exec-1] o.s.web.servlet.DispatcherServlet        : Initializing Servlet 'dispatcherServlet'
2026-05-08T20:33:36.341+05:30  INFO 19872 --- [organization-service] [nio-8082-exec-1] o.s.web.servlet.DispatcherServlet        : Completed initialization in 34 ms
2026-05-08T20:33:36.409+05:30  INFO 19872 --- [organization-service] [nio-8082-exec-1] c.r.p.common.logging.ApiLoggingFilter    : API request method=GET path=/actuator/health orgId=null
2026-05-08T20:33:36.583+05:30  WARN 19872 --- [organization-service] [nio-8082-exec-1] o.s.w.s.h.HandlerMappingIntrospector     : Cache miss for REQUEST dispatch to '/actuator/health' (previous null). Performing CorsConfiguration lookup. This is logged once only at WARN level, and every time at TRACE.
2026-05-08T20:33:37.167+05:30  INFO 19872 --- [organization-service] [nio-8082-exec-1] c.r.p.common.logging.ApiLoggingFilter    : API response method=GET path=/actuator/health status=200 durationMs=759 orgId=null
2026-05-08T20:35:49.237+05:30  INFO 19872 --- [organization-service] [nio-8082-exec-3] c.r.p.common.logging.ApiLoggingFilter    : API request method=GET path=/actuator/health orgId=null
2026-05-08T20:35:49.259+05:30  INFO 19872 --- [organization-service] [nio-8082-exec-3] c.r.p.common.logging.ApiLoggingFilter    : API response method=GET path=/actuator/health status=200 durationMs=22 orgId=null
2026-05-08T20:35:59.535+05:30  INFO 19872 --- [organization-service] [nio-8082-exec-8] c.r.p.common.logging.ApiLoggingFilter    : API request method=GET path=/actuator/health orgId=null
2026-05-08T20:35:59.553+05:30  INFO 19872 --- [organization-service] [nio-8082-exec-8] c.r.p.common.logging.ApiLoggingFilter    : API response method=GET path=/actuator/health status=200 durationMs=18 orgId=null
2026-05-08T20:36:38.239+05:30  INFO 19872 --- [organization-service] [nio-8082-exec-6] c.r.p.common.logging.ApiLoggingFilter    : API request method=GET path=/actuator/health orgId=null
2026-05-08T20:36:38.265+05:30  INFO 19872 --- [organization-service] [nio-8082-exec-6] c.r.p.common.logging.ApiLoggingFilter    : API response method=GET path=/actuator/health status=200 durationMs=25 orgId=null
2026-05-08T20:38:42.590+05:30  INFO 19872 --- [organization-service] [nio-8082-exec-4] c.r.p.common.logging.ApiLoggingFilter    : API request method=POST path=/api/organizations orgId=1778252922439
2026-05-08T20:38:42.618+05:30  WARN 19872 --- [organization-service] [nio-8082-exec-4] c.r.p.common.logging.ApiLoggingFilter    : API response method=POST path=/api/organizations status=401 durationMs=28 orgId=1778252922439
^C