
  .   ____          _            __ _ _
 /\\ / ___'_ __ _ _(_)_ __  __ _ \ \ \ \
( ( )\___ | '_ | '_| | '_ \/ _` | \ \ \ \
 \\/  ___)| |_)| | | | | || (_| |  ) ) ) )
  '  |____| .__|_| |_|_| |_\__, | / / / /
 =========|_|==============|___/=/_/_/_/
 :: Spring Boot ::                (v3.2.0)

2026-05-08T20:25:13.036+05:30  INFO 17804 --- [payment-service] [           main] c.r.p.payment.PaymentServiceApplication  : Starting PaymentServiceApplication using Java 17.0.10 with PID 17804 (D:\Products\rbf-erp\product\payment-service\target\payment-service-0.0.1-SNAPSHOT.jar started by balud in D:\Products\rbf-erp\product)
2026-05-08T20:25:13.171+05:30  INFO 17804 --- [payment-service] [           main] c.r.p.payment.PaymentServiceApplication  : No active profile set, falling back to 1 default profile: "default"
2026-05-08T20:25:54.350+05:30  INFO 17804 --- [payment-service] [           main] .s.d.r.c.RepositoryConfigurationDelegate : Bootstrapping Spring Data JPA repositories in DEFAULT mode.
2026-05-08T20:25:56.387+05:30  INFO 17804 --- [payment-service] [           main] .s.d.r.c.RepositoryConfigurationDelegate : Finished Spring Data repository scanning in 1673 ms. Found 1 JPA repository interface.
2026-05-08T20:26:58.750+05:30  INFO 17804 --- [payment-service] [           main] o.s.b.w.embedded.tomcat.TomcatWebServer  : Tomcat initialized with port 8086 (http)
2026-05-08T20:26:59.413+05:30  INFO 17804 --- [payment-service] [           main] o.apache.catalina.core.StandardService   : Starting service [Tomcat]
2026-05-08T20:26:59.415+05:30  INFO 17804 --- [payment-service] [           main] o.apache.catalina.core.StandardEngine    : Starting Servlet engine: [Apache Tomcat/10.1.16]
2026-05-08T20:27:02.344+05:30  INFO 17804 --- [payment-service] [           main] o.a.c.c.C.[Tomcat].[localhost].[/]       : Initializing Spring embedded WebApplicationContext
2026-05-08T20:27:02.435+05:30  INFO 17804 --- [payment-service] [           main] w.s.c.ServletWebServerApplicationContext : Root WebApplicationContext: initialization completed in 106012 ms
2026-05-08T20:27:28.663+05:30  INFO 17804 --- [payment-service] [           main] o.hibernate.jpa.internal.util.LogHelper  : HHH000204: Processing PersistenceUnitInfo [name: default]
2026-05-08T20:27:31.403+05:30  INFO 17804 --- [payment-service] [           main] org.hibernate.Version                    : HHH000412: Hibernate ORM core version 6.3.1.Final
2026-05-08T20:27:36.484+05:30  INFO 17804 --- [payment-service] [           main] o.h.c.internal.RegionFactoryInitiator    : HHH000026: Second-level cache disabled
2026-05-08T20:27:39.679+05:30  INFO 17804 --- [payment-service] [           main] o.s.o.j.p.SpringPersistenceUnitInfo      : No LoadTimeWeaver setup: ignoring JPA class transformer
2026-05-08T20:27:40.080+05:30  INFO 17804 --- [payment-service] [           main] com.zaxxer.hikari.HikariDataSource       : HikariPool-1 - Starting...
2026-05-08T20:27:44.559+05:30  INFO 17804 --- [payment-service] [           main] com.zaxxer.hikari.pool.HikariPool        : HikariPool-1 - Added connection com.mysql.cj.jdbc.ConnectionImpl@39342614
2026-05-08T20:27:44.575+05:30  INFO 17804 --- [payment-service] [           main] com.zaxxer.hikari.HikariDataSource       : HikariPool-1 - Start completed.
2026-05-08T20:27:45.260+05:30  WARN 17804 --- [payment-service] [           main] org.hibernate.orm.deprecation            : HHH90000025: MySQLDialect does not need to be specified explicitly using 'hibernate.dialect' (remove the property setting and it will be selected by default)
2026-05-08T20:28:01.899+05:30  INFO 17804 --- [payment-service] [           main] o.h.e.t.j.p.i.JtaPlatformInitiator       : HHH000489: No JTA platform available (set 'hibernate.transaction.jta.platform' to enable JTA platform integration)
2026-05-08T20:28:03.132+05:30  INFO 17804 --- [payment-service] [           main] j.LocalContainerEntityManagerFactoryBean : Initialized JPA EntityManagerFactory for persistence unit 'default'
2026-05-08T20:28:20.372+05:30  WARN 17804 --- [payment-service] [           main] .s.s.UserDetailsServiceAutoConfiguration : 

Using generated security password: 3f6b04ad-d093-473b-9465-3b82866d2bfc

This generated password is for development use only. Your security configuration must be updated before running your application in production.

2026-05-08T20:28:24.803+05:30  INFO 17804 --- [payment-service] [           main] o.s.b.a.e.web.EndpointLinksResolver      : Exposing 2 endpoint(s) beneath base path '/actuator'
2026-05-08T20:28:25.127+05:30  INFO 17804 --- [payment-service] [           main] o.s.s.web.DefaultSecurityFilterChain     : Will secure any request with [org.springframework.security.web.session.DisableEncodeUrlFilter@5b9ed77b, org.springframework.security.web.context.request.async.WebAsyncManagerIntegrationFilter@a8177f6, org.springframework.security.web.context.SecurityContextHolderFilter@53ccbc15, org.springframework.security.web.header.HeaderWriterFilter@3d41449a, org.springframework.web.filter.CorsFilter@7b88a2e2, org.springframework.security.web.authentication.logout.LogoutFilter@7dbc77ca, com.rbf.product.common.security.SharedJwtAuthenticationFilter@687eb455, org.springframework.security.web.savedrequest.RequestCacheAwareFilter@704ca8a8, org.springframework.security.web.servletapi.SecurityContextHolderAwareRequestFilter@3181fbe7, org.springframework.security.web.authentication.AnonymousAuthenticationFilter@664217a8, org.springframework.security.web.session.SessionManagementFilter@3299ee2c, org.springframework.security.web.access.ExceptionTranslationFilter@9214725, org.springframework.security.web.access.intercept.AuthorizationFilter@75381b61]
2026-05-08T20:28:31.356+05:30  INFO 17804 --- [payment-service] [           main] o.s.b.w.embedded.tomcat.TomcatWebServer  : Tomcat started on port 8086 (http) with context path ''
2026-05-08T20:28:31.558+05:30  INFO 17804 --- [payment-service] [           main] c.r.p.payment.PaymentServiceApplication  : Started PaymentServiceApplication in 211.517 seconds (process running for 223.559)
2026-05-08T20:29:04.280+05:30  INFO 17804 --- [payment-service] [nio-8086-exec-1] o.a.c.c.C.[Tomcat].[localhost].[/]       : Initializing Spring DispatcherServlet 'dispatcherServlet'
2026-05-08T20:29:04.283+05:30  INFO 17804 --- [payment-service] [nio-8086-exec-1] o.s.web.servlet.DispatcherServlet        : Initializing Servlet 'dispatcherServlet'
2026-05-08T20:29:04.342+05:30  INFO 17804 --- [payment-service] [nio-8086-exec-1] o.s.web.servlet.DispatcherServlet        : Completed initialization in 39 ms
2026-05-08T20:29:04.821+05:30  INFO 17804 --- [payment-service] [nio-8086-exec-1] c.r.p.common.logging.ApiLoggingFilter    : API request method=GET path=/actuator/health orgId=null
2026-05-08T20:29:05.178+05:30  WARN 17804 --- [payment-service] [nio-8086-exec-1] o.s.w.s.h.HandlerMappingIntrospector     : Cache miss for REQUEST dispatch to '/actuator/health' (previous null). Performing CorsConfiguration lookup. This is logged once only at WARN level, and every time at TRACE.
2026-05-08T20:29:10.892+05:30  INFO 17804 --- [payment-service] [nio-8086-exec-1] c.r.p.common.logging.ApiLoggingFilter    : API response method=GET path=/actuator/health status=200 durationMs=6072 orgId=null
2026-05-08T20:33:40.685+05:30  INFO 17804 --- [payment-service] [nio-8086-exec-3] c.r.p.common.logging.ApiLoggingFilter    : API request method=GET path=/actuator/health orgId=null
2026-05-08T20:33:40.757+05:30  INFO 17804 --- [payment-service] [nio-8086-exec-3] c.r.p.common.logging.ApiLoggingFilter    : API response method=GET path=/actuator/health status=200 durationMs=73 orgId=null
2026-05-08T20:35:49.406+05:30  INFO 17804 --- [payment-service] [nio-8086-exec-4] c.r.p.common.logging.ApiLoggingFilter    : API request method=GET path=/actuator/health orgId=null
2026-05-08T20:35:49.439+05:30  INFO 17804 --- [payment-service] [nio-8086-exec-4] c.r.p.common.logging.ApiLoggingFilter    : API response method=GET path=/actuator/health status=200 durationMs=33 orgId=null
2026-05-08T20:36:01.918+05:30  INFO 17804 --- [payment-service] [nio-8086-exec-6] c.r.p.common.logging.ApiLoggingFilter    : API request method=GET path=/actuator/health orgId=null
2026-05-08T20:36:01.936+05:30  INFO 17804 --- [payment-service] [nio-8086-exec-6] c.r.p.common.logging.ApiLoggingFilter    : API response method=GET path=/actuator/health status=200 durationMs=18 orgId=null
2026-05-08T20:36:42.576+05:30  INFO 17804 --- [payment-service] [nio-8086-exec-8] c.r.p.common.logging.ApiLoggingFilter    : API request method=GET path=/actuator/health orgId=null
2026-05-08T20:36:42.638+05:30  INFO 17804 --- [payment-service] [nio-8086-exec-8] c.r.p.common.logging.ApiLoggingFilter    : API response method=GET path=/actuator/health status=200 durationMs=63 orgId=null
^C