
  .   ____          _            __ _ _
 /\\ / ___'_ __ _ _(_)_ __  __ _ \ \ \ \
( ( )\___ | '_ | '_| | '_ \/ _` | \ \ \ \
 \\/  ___)| |_)| | | | | || (_| |  ) ) ) )
  '  |____| .__|_| |_|_| |_\__, | / / / /
 =========|_|==============|___/=/_/_/_/
 :: Spring Boot ::                (v3.2.0)

2026-05-08T20:25:07.580+05:30  INFO 16864 --- [report-service] [           main] c.r.p.report.ReportServiceApplication    : Starting ReportServiceApplication using Java 17.0.10 with PID 16864 (D:\Products\rbf-erp\product\report-service\target\report-service-0.0.1-SNAPSHOT.jar started by balud in D:\Products\rbf-erp\product)
2026-05-08T20:25:07.648+05:30  INFO 16864 --- [report-service] [           main] c.r.p.report.ReportServiceApplication    : No active profile set, falling back to 1 default profile: "default"
2026-05-08T20:25:46.048+05:30  INFO 16864 --- [report-service] [           main] .s.d.r.c.RepositoryConfigurationDelegate : Bootstrapping Spring Data JPA repositories in DEFAULT mode.
2026-05-08T20:25:46.654+05:30  INFO 16864 --- [report-service] [           main] .s.d.r.c.RepositoryConfigurationDelegate : Finished Spring Data repository scanning in 366 ms. Found 0 JPA repository interfaces.
2026-05-08T20:26:26.115+05:30  INFO 16864 --- [report-service] [           main] o.s.b.w.embedded.tomcat.TomcatWebServer  : Tomcat initialized with port 8088 (http)
2026-05-08T20:26:26.508+05:30  INFO 16864 --- [report-service] [           main] o.apache.catalina.core.StandardService   : Starting service [Tomcat]
2026-05-08T20:26:26.509+05:30  INFO 16864 --- [report-service] [           main] o.apache.catalina.core.StandardEngine    : Starting Servlet engine: [Apache Tomcat/10.1.16]
2026-05-08T20:26:30.298+05:30  INFO 16864 --- [report-service] [           main] o.a.c.c.C.[Tomcat].[localhost].[/]       : Initializing Spring embedded WebApplicationContext
2026-05-08T20:26:30.342+05:30  INFO 16864 --- [report-service] [           main] w.s.c.ServletWebServerApplicationContext : Root WebApplicationContext: initialization completed in 81555 ms
2026-05-08T20:27:28.227+05:30  INFO 16864 --- [report-service] [           main] o.hibernate.jpa.internal.util.LogHelper  : HHH000204: Processing PersistenceUnitInfo [name: default]
2026-05-08T20:27:30.504+05:30  INFO 16864 --- [report-service] [           main] org.hibernate.Version                    : HHH000412: Hibernate ORM core version 6.3.1.Final
2026-05-08T20:27:36.449+05:30  INFO 16864 --- [report-service] [           main] o.h.c.internal.RegionFactoryInitiator    : HHH000026: Second-level cache disabled
2026-05-08T20:27:40.937+05:30  INFO 16864 --- [report-service] [           main] o.s.o.j.p.SpringPersistenceUnitInfo      : No LoadTimeWeaver setup: ignoring JPA class transformer
2026-05-08T20:27:41.294+05:30  INFO 16864 --- [report-service] [           main] com.zaxxer.hikari.HikariDataSource       : HikariPool-1 - Starting...
2026-05-08T20:27:43.973+05:30  INFO 16864 --- [report-service] [           main] com.zaxxer.hikari.pool.HikariPool        : HikariPool-1 - Added connection com.mysql.cj.jdbc.ConnectionImpl@33356666
2026-05-08T20:27:44.004+05:30  INFO 16864 --- [report-service] [           main] com.zaxxer.hikari.HikariDataSource       : HikariPool-1 - Start completed.
2026-05-08T20:27:44.579+05:30  WARN 16864 --- [report-service] [           main] org.hibernate.orm.deprecation            : HHH90000025: MySQLDialect does not need to be specified explicitly using 'hibernate.dialect' (remove the property setting and it will be selected by default)
2026-05-08T20:27:49.671+05:30  INFO 16864 --- [report-service] [           main] o.h.e.t.j.p.i.JtaPlatformInitiator       : HHH000489: No JTA platform available (set 'hibernate.transaction.jta.platform' to enable JTA platform integration)
2026-05-08T20:27:49.794+05:30  INFO 16864 --- [report-service] [           main] j.LocalContainerEntityManagerFactoryBean : Initialized JPA EntityManagerFactory for persistence unit 'default'
2026-05-08T20:27:59.460+05:30  WARN 16864 --- [report-service] [           main] .s.s.UserDetailsServiceAutoConfiguration : 

Using generated security password: 5650ea6a-5bd1-480a-802f-28f807d0c273

This generated password is for development use only. Your security configuration must be updated before running your application in production.

2026-05-08T20:28:04.054+05:30  INFO 16864 --- [report-service] [           main] o.s.b.a.e.web.EndpointLinksResolver      : Exposing 2 endpoint(s) beneath base path '/actuator'
2026-05-08T20:28:05.409+05:30  INFO 16864 --- [report-service] [           main] o.s.s.web.DefaultSecurityFilterChain     : Will secure any request with [org.springframework.security.web.session.DisableEncodeUrlFilter@5315210d, org.springframework.security.web.context.request.async.WebAsyncManagerIntegrationFilter@3f5f79d8, org.springframework.security.web.context.SecurityContextHolderFilter@36f80ceb, org.springframework.security.web.header.HeaderWriterFilter@1ee52741, org.springframework.web.filter.CorsFilter@5dc1597f, org.springframework.security.web.authentication.logout.LogoutFilter@7eb94590, com.rbf.product.common.security.SharedJwtAuthenticationFilter@5b742bc8, org.springframework.security.web.savedrequest.RequestCacheAwareFilter@69a3944, org.springframework.security.web.servletapi.SecurityContextHolderAwareRequestFilter@67376bae, org.springframework.security.web.authentication.AnonymousAuthenticationFilter@11896af6, org.springframework.security.web.session.SessionManagementFilter@2a7b5925, org.springframework.security.web.access.ExceptionTranslationFilter@1c65ec63, org.springframework.security.web.access.intercept.AuthorizationFilter@7dcc0296]
2026-05-08T20:28:13.943+05:30  INFO 16864 --- [report-service] [           main] o.s.b.w.embedded.tomcat.TomcatWebServer  : Tomcat started on port 8088 (http) with context path ''
2026-05-08T20:28:14.073+05:30  INFO 16864 --- [report-service] [           main] c.r.p.report.ReportServiceApplication    : Started ReportServiceApplication in 195.106 seconds (process running for 203.733)
2026-05-08T20:29:15.378+05:30  INFO 16864 --- [report-service] [nio-8088-exec-1] o.a.c.c.C.[Tomcat].[localhost].[/]       : Initializing Spring DispatcherServlet 'dispatcherServlet'
2026-05-08T20:29:15.379+05:30  INFO 16864 --- [report-service] [nio-8088-exec-1] o.s.web.servlet.DispatcherServlet        : Initializing Servlet 'dispatcherServlet'
2026-05-08T20:29:15.446+05:30  INFO 16864 --- [report-service] [nio-8088-exec-1] o.s.web.servlet.DispatcherServlet        : Completed initialization in 58 ms
2026-05-08T20:29:15.762+05:30  INFO 16864 --- [report-service] [nio-8088-exec-1] c.r.p.common.logging.ApiLoggingFilter    : API request method=GET path=/actuator/health orgId=null
2026-05-08T20:29:16.056+05:30  WARN 16864 --- [report-service] [nio-8088-exec-1] o.s.w.s.h.HandlerMappingIntrospector     : Cache miss for REQUEST dispatch to '/actuator/health' (previous null). Performing CorsConfiguration lookup. This is logged once only at WARN level, and every time at TRACE.
2026-05-08T20:29:17.931+05:30  INFO 16864 --- [report-service] [nio-8088-exec-1] c.r.p.common.logging.ApiLoggingFilter    : API response method=GET path=/actuator/health status=200 durationMs=2170 orgId=null
2026-05-08T20:33:40.928+05:30  INFO 16864 --- [report-service] [nio-8088-exec-3] c.r.p.common.logging.ApiLoggingFilter    : API request method=GET path=/actuator/health orgId=null
2026-05-08T20:33:41.091+05:30  INFO 16864 --- [report-service] [nio-8088-exec-3] c.r.p.common.logging.ApiLoggingFilter    : API response method=GET path=/actuator/health status=200 durationMs=166 orgId=null
2026-05-08T20:35:49.519+05:30  INFO 16864 --- [report-service] [nio-8088-exec-5] c.r.p.common.logging.ApiLoggingFilter    : API request method=GET path=/actuator/health orgId=null
2026-05-08T20:35:49.563+05:30  INFO 16864 --- [report-service] [nio-8088-exec-5] c.r.p.common.logging.ApiLoggingFilter    : API response method=GET path=/actuator/health status=200 durationMs=44 orgId=null
2026-05-08T20:36:03.160+05:30  INFO 16864 --- [report-service] [nio-8088-exec-8] c.r.p.common.logging.ApiLoggingFilter    : API request method=GET path=/actuator/health orgId=null
2026-05-08T20:36:03.184+05:30  INFO 16864 --- [report-service] [nio-8088-exec-8] c.r.p.common.logging.ApiLoggingFilter    : API response method=GET path=/actuator/health status=200 durationMs=24 orgId=null
2026-05-08T20:36:44.768+05:30  INFO 16864 --- [report-service] [nio-8088-exec-9] c.r.p.common.logging.ApiLoggingFilter    : API request method=GET path=/actuator/health orgId=null
2026-05-08T20:36:44.796+05:30  INFO 16864 --- [report-service] [nio-8088-exec-9] c.r.p.common.logging.ApiLoggingFilter    : API response method=GET path=/actuator/health status=200 durationMs=28 orgId=null
^C